C:\USERS\SHENGHUA\DESKTOP\CONSOLEAPPLICATION2\CONSOLEAPPLICATION2\DEBUG\INSERTSORT.OBJ
C:\USERS\SHENGHUA\DESKTOP\CONSOLEAPPLICATION2\CONSOLEAPPLICATION2\DEBUG\MAIN.OBJ
C:\USERS\SHENGHUA\DESKTOP\CONSOLEAPPLICATION2\CONSOLEAPPLICATION2\DEBUG\MERGESORT.OBJ
C:\USERS\SHENGHUA\DESKTOP\CONSOLEAPPLICATION2\CONSOLEAPPLICATION2\DEBUG\QUICKSORT.OBJ
C:\USERS\SHENGHUA\DESKTOP\CONSOLEAPPLICATION2\CONSOLEAPPLICATION2\DEBUG\THREESORTS.OBJ
C:\USERS\SHENGHUA\DESKTOP\CONSOLEAPPLICATION2\CONSOLEAPPLICATION2\DEBUG\VC110.PDB
C:\USERS\SHENGHUA\DESKTOP\CONSOLEAPPLICATION2\DEBUG\CONSOLEAPPLICATION2.ILK
C:\USERS\SHENGHUA\DESKTOP\CONSOLEAPPLICATION2\DEBUG\CONSOLEAPPLICATION2.EXE
C:\USERS\SHENGHUA\DESKTOP\CONSOLEAPPLICATION2\DEBUG\CONSOLEAPPLICATION2.PDB
C:\Users\shenghua\Desktop\ConsoleApplication2\ConsoleApplication2\Debug\InsertSort.obj
C:\Users\shenghua\Desktop\ConsoleApplication2\ConsoleApplication2\Debug\main.obj
C:\Users\shenghua\Desktop\ConsoleApplication2\ConsoleApplication2\Debug\MergeSort.obj
C:\Users\shenghua\Desktop\ConsoleApplication2\ConsoleApplication2\Debug\QuickSort.obj
C:\Users\shenghua\Desktop\ConsoleApplication2\ConsoleApplication2\Debug\ThreeSorts.obj
C:\Users\shenghua\Desktop\ConsoleApplication2\ConsoleApplication2\Debug\cl.command.1.tlog
C:\Users\shenghua\Desktop\ConsoleApplication2\ConsoleApplication2\Debug\CL.read.1.tlog
C:\Users\shenghua\Desktop\ConsoleApplication2\ConsoleApplication2\Debug\CL.write.1.tlog
C:\Users\shenghua\Desktop\ConsoleApplication2\ConsoleApplication2\Debug\link-cvtres.read.1.tlog
C:\Users\shenghua\Desktop\ConsoleApplication2\ConsoleApplication2\Debug\link-cvtres.write.1.tlog
C:\Users\shenghua\Desktop\ConsoleApplication2\ConsoleApplication2\Debug\link-rc.read.1.tlog
C:\Users\shenghua\Desktop\ConsoleApplication2\ConsoleApplication2\Debug\link-rc.write.1.tlog
C:\Users\shenghua\Desktop\ConsoleApplication2\ConsoleApplication2\Debug\link.9520-cvtres.read.1.tlog
C:\Users\shenghua\Desktop\ConsoleApplication2\ConsoleApplication2\Debug\link.9520-cvtres.write.1.tlog
C:\Users\shenghua\Desktop\ConsoleApplication2\ConsoleApplication2\Debug\link.9520-rc.read.1.tlog
C:\Users\shenghua\Desktop\ConsoleApplication2\ConsoleApplication2\Debug\link.9520-rc.write.1.tlog
C:\Users\shenghua\Desktop\ConsoleApplication2\ConsoleApplication2\Debug\link.9520.read.1.tlog
C:\Users\shenghua\Desktop\ConsoleApplication2\ConsoleApplication2\Debug\link.9520.write.1.tlog
C:\Users\shenghua\Desktop\ConsoleApplication2\ConsoleApplication2\Debug\link.command.1.tlog
C:\Users\shenghua\Desktop\ConsoleApplication2\ConsoleApplication2\Debug\link.read.1.tlog
C:\Users\shenghua\Desktop\ConsoleApplication2\ConsoleApplication2\Debug\link.write.1.tlog
C:\Users\shenghua\Desktop\ConsoleApplication2\ConsoleApplication2\Debug\vc110.idb
C:\Users\shenghua\Desktop\ConsoleApplication2\ConsoleApplication2\Debug\vc110.pdb
C:\Users\shenghua\Desktop\ConsoleApplication2\Debug\ConsoleApplication2.pdb
C:\Users\shenghua\Desktop\ConsoleApplication2\Debug\ConsoleApplication2.exe
C:\Users\shenghua\Desktop\ConsoleApplication2\Debug\ConsoleApplication2.ilk
